
Showing logs for build [32momnidapps-skiapp-master-4q9tm-1[0m stage [32mfrom-build-pack[0m and container [32mstep-credential-initializer-7bd75[0m
{"level":"warn","ts":1583454660.2974155,"logger":"fallback-logger","caller":"logging/config.go:69","msg":"Fetch GitHub commit ID from kodata failed: \"ref: refs/heads/0.8.0-**-support-backwards-incompats\" is not a valid GitHub commit ID"}
{"level":"info","ts":1583454660.2982328,"logger":"fallback-logger","caller":"creds-init/main.go:40","msg":"Credentials initialized."}

Showing logs for build [32momnidapps-skiapp-master-4q9tm-1[0m stage [32mfrom-build-pack[0m and container [32mstep-working-dir-initializer-xm4jn[0m
{"level":"warn","ts":1583454662.122624,"logger":"fallback-logger","caller":"logging/config.go:69","msg":"Fetch GitHub commit ID from kodata failed: open /var/run/ko/HEAD: no such file or directory"}
{"level":"info","ts":1583454662.1659653,"logger":"fallback-logger","caller":"bash/main.go:64","msg":"Successfully executed command \"sh -c mkdir -p /workspace/source\"; output "}

Showing logs for build [32momnidapps-skiapp-master-4q9tm-1[0m stage [32mfrom-build-pack[0m and container [32mstep-place-tools[0m

Showing logs for build [32momnidapps-skiapp-master-4q9tm-1[0m stage [32mfrom-build-pack[0m and container [32mstep-git-source-omnidapps-skiapp-master-4q9tm-vn8p7[0m
{"level":"warn","ts":1583454728.7170224,"logger":"fallback-logger","caller":"logging/config.go:69","msg":"Fetch GitHub commit ID from kodata failed: \"ref: refs/heads/0.8.0-**-support-backwards-incompats\" is not a valid GitHub commit ID"}
{"level":"info","ts":1583454729.9045217,"logger":"fallback-logger","caller":"git/git.go:103","msg":"Successfully cloned https://github.com/OmnidApps/skiapp.git @ v0.0.43 in path /workspace/source"}

Showing logs for build [32momnidapps-skiapp-master-4q9tm-1[0m stage [32mfrom-build-pack[0m and container [32mstep-git-merge[0m
Using SHAs from PULL_REFS=master:ee974a58f5822b246992882673f9f22d8fb35298
WARNING: no SHAs to merge, falling back to initial cloned commit

Showing logs for build [32momnidapps-skiapp-master-4q9tm-1[0m stage [32mfrom-build-pack[0m and container [32mstep-setup-jx-git-credentials[0m
Generated Git credentials file /workspace/xdg_config/git/credentials

Showing logs for build [32momnidapps-skiapp-master-4q9tm-1[0m stage [32mfrom-build-pack[0m and container [32mstep-build-npmrc[0m
Command "credential" is deprecated, it will be removed on Jun 1 2020.  This is replaced by Tekton's mounted secrets
WARNING: failed to find Secret npm-token in namespace **

Showing logs for build [32momnidapps-skiapp-master-4q9tm-1[0m stage [32mfrom-build-pack[0m and container [32mstep-build-npm-install[0m
npm WARN skiapp@1.0.0 No repository field.
npm WARN skiapp@1.0.0 No license field.

added 152 packages from 599 contributors and audited 269 packages in 5.164s
found 0 vulnerabilities


Showing logs for build [32momnidapps-skiapp-master-4q9tm-1[0m stage [32mfrom-build-pack[0m and container [32mstep-build-npm-test[0m

> skiapp@1.0.0 test /workspace/source
> ./node_modules/mocha/bin/mocha tests/ --exit

Server running at http://localhost:8080


  GET Home page
    ✓ Should return a 200 ok response


  1 passing (65ms)


Showing logs for build [32momnidapps-skiapp-master-4q9tm-1[0m stage [32mfrom-build-pack[0m and container [32mstep-build-container-build[0m
[36mINFO[0m[0000] Downloading base image node:9-slim           
ERROR: logging before flag.Parse: E0306 00:32:21.827032      10 metadata.go:142] while reading 'google-dockercfg' metadata: http status code: 404 while fetching url http://metadata.google.internal./computeMetadata/v1/instance/attributes/google-dockercfg
ERROR: logging before flag.Parse: E0306 00:32:21.838119      10 metadata.go:159] while reading 'google-dockercfg-url' metadata: http status code: 404 while fetching url http://metadata.google.internal./computeMetadata/v1/instance/attributes/google-dockercfg-url
2020/03/06 00:32:21 No matching credentials were found, falling back on anonymous
[36mINFO[0m[0000] Error while retrieving image from cache: getting file info: stat /workspace/sha256:0e0175bbe4f8d9d104590d8d2c591017874e30977cb71aaff1cf6fa99479575c: no such file or directory 
[36mINFO[0m[0000] Downloading base image node:9-slim           
2020/03/06 00:32:22 No matching credentials were found, falling back on anonymous
[36mINFO[0m[0000] Executing 0 build triggers                   
[36mINFO[0m[0000] cmd: EXPOSE                                  
[36mINFO[0m[0000] Adding exposed port: 8080/tcp                
[36mINFO[0m[0000] Using files from context: [/workspace/source] 
[36mINFO[0m[0001] Skipping unpacking as no commands require it. 
[36mINFO[0m[0001] Taking snapshot of full filesystem...        
[36mINFO[0m[0001] ENV PORT 8080                                
[36mINFO[0m[0001] No files changed in this command, skipping snapshotting. 
[36mINFO[0m[0001] EXPOSE 8080                                  
[36mINFO[0m[0001] cmd: EXPOSE                                  
[36mINFO[0m[0001] Adding exposed port: 8080/tcp                
[36mINFO[0m[0001] No files changed in this command, skipping snapshotting. 
[36mINFO[0m[0001] WORKDIR /usr/src/app                         
[36mINFO[0m[0001] cmd: workdir                                 
[36mINFO[0m[0001] Changed working directory to /usr/src/app    
[36mINFO[0m[0001] Creating directory /usr/src/app              
[36mINFO[0m[0001] Taking snapshot of files...                  
[36mINFO[0m[0002] Using files from context: [/workspace/source] 
[36mINFO[0m[0002] COPY . .                                     
[36mINFO[0m[0003] Taking snapshot of files...                  
[36mINFO[0m[0004] CMD ["npm", "start"]                         
[36mINFO[0m[0004] No files changed in this command, skipping snapshotting. 
2020/03/06 00:32:28 pushed blob: sha256:e344acd84e3dec8b2bdc3182a91af55c951b986f99096d7bd50695a18a6b43dd
2020/03/06 00:32:28 pushed blob: sha256:7d083412657baa2dafba8d093034ef26f9ed2c90fb6ed95f76bb55aff03ed429
2020/03/06 00:32:28 pushed blob: sha256:c8857085b36cc1ab4e1a5111dd892400e060b0909924263cc78c4bb3000f045d
2020/03/06 00:32:28 pushed blob: sha256:196b8e3c919d5639193ba6c6e54774528942041bbc37606631a2250502985c3c
2020/03/06 00:32:28 pushed blob: sha256:e01bd28a434b56ffd2a3fe9aa99b9b69aecca69904843edd30b1ee7150d79904
2020/03/06 00:32:29 pushed blob: sha256:5bba3ecb4cd6374a19da45f2a3db0a9c0804984358b3bb4b666c28944016e5ff
2020/03/06 00:32:29 pushed blob: sha256:a88538b9cd05cfa611e43a25582a95ad7879f6fa708b0386a26b71ee62235bb3
2020/03/06 00:32:30 pushed blob: sha256:2ae8e8a49f6b81ec8dde42ee4f9893c695642ab2265ed9dc48d38bba1f3e1eb1
2020/03/06 00:32:30 gcr.io/omnidapps/skiapp:0.0.43: digest: sha256:8279bb86f6c2d63cb15e72ee99d408387450b099c86be653e1c651ebdf21c39c size: 1407

Showing logs for build [32momnidapps-skiapp-master-4q9tm-1[0m stage [32mfrom-build-pack[0m and container [32mstep-build-post-build[0m
no CVE provider running in the current ** namespace so skip adding image to be analysed

Showing logs for build [32momnidapps-skiapp-master-4q9tm-1[0m stage [32mfrom-build-pack[0m and container [32mstep-promote-changelog[0m
Converted /workspace/source/charts/skiapp to an unshallow repository
Generating change log from git ref 2d074ce06204fac9a7423a1375245f005014d96d => 18a785873f954668728ebc97b25df3d5161d79cf
Associating user x-0 in users.jenkins.io with email josh@omnidapps.com to git GitProvider user with login -0 as emails match
Adding label jenkins.io/git-github-userid=-0 to user x-0 in users.jenkins.io
WARNING: Failed to enrich commit ee974a58f5822b246992882673f9f22d8fb35298 with issues: User.jenkins.io "x-0" is invalid: metadata.labels: Invalid value: "-0": a valid label must be an empty string or consist of alphanumeric characters, '-', '_' or '.', and must start and end with an alphanumeric character (e.g. 'MyValue',  or 'my_value',  or '12345', regex used for validation is '(([A-Za-z0-9][-A-Za-z0-9_.]*)?[A-Za-z0-9])?')
Finding issues in commit messages using git format
WARNING: No release found for OmnidApps/skiapp and tag v0.0.43 so creating a new release
Updated the release information at https://github.com/OmnidApps/skiapp/releases/tag/v0.0.43
generated: /workspace/source/charts/skiapp/templates/release.yaml
Created Release skiapp-0-0-43 resource in namespace **
Updating PipelineActivity omnidapps-skiapp-master-1 with version 0.0.43
Updated PipelineActivities omnidapps-skiapp-master-1 with release notes URL: https://github.com/OmnidApps/skiapp/releases/tag/v0.0.43

Showing logs for build [32momnidapps-skiapp-master-4q9tm-1[0m stage [32mfrom-build-pack[0m and container [32mstep-promote-helm-release[0m
WARNING: No $CHART_REPOSITORY defined so using the default value of: http://jenkins-x-chartmuseum:8080
Adding missing Helm repo: storage.googleapis.com https://storage.googleapis.com/chartmuseum.jenkins-x.io
Successfully added Helm repository storage.googleapis.com.
Adding missing Helm repo: jenkins-x-chartmuseum http://jenkins-x-chartmuseum:8080
Successfully added Helm repository jenkins-x-chartmuseum.
WARNING: No $CHART_REPOSITORY defined so using the default value of: http://jenkins-x-chartmuseum:8080
Uploading chart file skiapp-0.0.43.tgz to http://jenkins-x-chartmuseum:8080/api/charts
Received 201 response: {"saved":true}

Showing logs for build [32momnidapps-skiapp-master-4q9tm-1[0m stage [32mfrom-build-pack[0m and container [32mstep-promote-jx-promote[0m
WARNING: prow based install so skip waiting for the merge of Pull Requests to go green as currently there is an issue with gettingstatuses from the PR, see https://github.com/jenkins-x/**/issues/2410
WARNING: No $CHART_REPOSITORY defined so using the default value of: http://jenkins-x-chartmuseum:8080
Promoting app skiapp version 0.0.43 to namespace **-staging
WARNING: 
WARNING: Waiting for the fork of **********************/environment-**rocks-staging to appear...
Forked Git repository to https://github.com/**********************/environment-**rocks-staging
Created Pull Request: https://github.com/OmnidApps/environment-**rocks-staging/pull/1
Added label updatebot to Pull Request https://github.com/OmnidApps/environment-**rocks-staging/pull/1
got git provider status pending from PR https://github.com/OmnidApps/environment-**rocks-staging/pull/1
got git provider status pending from PR https://github.com/OmnidApps/environment-**rocks-staging/pull/1
got git provider status pending from PR https://github.com/OmnidApps/environment-**rocks-staging/pull/1
got git provider status pending from PR https://github.com/OmnidApps/environment-**rocks-staging/pull/1
got git provider status pending from PR https://github.com/OmnidApps/environment-**rocks-staging/pull/1
got git provider status pending from PR https://github.com/OmnidApps/environment-**rocks-staging/pull/1
Pull Request https://github.com/OmnidApps/environment-**rocks-staging/pull/1 is merged at sha b10ee2290500a05850f6fabe3737200ddb194d0c
Pull Request merged but we are not waiting for the update pipeline to complete!
WARNING: Could not find the service URL in namespace **-staging for names skiapp, **-skiapp, **-staging-skiapp
